N5Array
(
    [id] => 1527851
    [name] => booking_date
    [type_id] => 6
    [values] => Array
        (
            [0] => Array
                (
                    [value] => 2023-09-17 00:00:00
                    [account_id] => 9585804
                )

        )

)
Array
(
    [id] => 1527851
    [name] => booking_date
    [type_id] => 6
    [values] => Array
        (
            [0] => Array
                (
                    [value] => 2023-09-17 00:00:00
                    [account_id] => 9585804
                )

        )

)
Array
(
    [id] => 1527851
    [name] => booking_date
    [type_id] => 6
    [values] => Array
        (
            [0] => Array
                (
                    [value] => 2023-09-17 00:00:00
                    [account_id] => 9585804
                )

        )

)
Array
(
    [id] => 1527851
    [name] => booking_date
    [type_id] => 6
    [values] => Array
        (
            [0] => Array
                (
                    [value] => 2023-09-17 00:00:00
                    [account_id] => 9585804
                )

        )

)
Array
(
    [id] => 1527851
    [name] => booking_date
    [type_id] => 6
    [values] => Array
        (
            [0] => Array
                (
                    [value] => 2023-09-17 00:00:00
                    [account_id] => 9585804
                )

        )

)
Array
(
    [id] => 1527851
    [name] => booking_date
    [type_id] => 6
    [values] => Array
        (
            [0] => Array
                (
                    [value] => 2025-05-15 00:00:00
                    [account_id] => 9585804
                )

        )

)
Array
(
    [id] => 1527851
    [name] => booking_date
    [type_id] => 6
    [values] => Array
        (
            [0] => Array
                (
                    [value] => 2025-05-15 00:00:00
                    [account_id] => 9585804
                )

        )

)
Array
(
    [id] => 1527851
    [name] => booking_date
    [type_id] => 6
    [values] => Array
        (
            [0] => Array
                (
                    [value] => 2025-05-15 00:00:00
                    [account_id] => 9585804
                )

        )

)
Array
(
    [id] => 1527851
    [name] => booking_date
    [type_id] => 6
    [values] => Array
        (
            [0] => Array
                (
                    [value] => 2025-05-15 00:00:00
                    [account_id] => 9585804
                )

        )

)
Array
(
    [id] => 1527851
    [name] => booking_date
    [type_id] => 6
    [values] => Array
        (
            [0] => Array
                (
                    [value] => 2025-05-15 00:00:00
                    [account_id] => 9585804
                )

        )

)
